<?xml version="1.0" encoding="UTF-8" ?>
<testsuite tests="6" failures="0" name="com.kata.user.web.UserControllerTest" time="0.027" errors="0" skipped="0">
  <properties>
[...]
</properties>
  <testcase classname="com.kata.user.web.UserControllerTest" name="should_returnBadRequest_when_userIsNull" time="0.021"/>
  <testcase classname="com.kata.user.web.UserControllerTest" name="should_returnNotFound_when_userIsNotFoundByService" time="0.001"/>
  <testcase classname="com.kata.user.web.UserControllerTest" name="should_returnBadRequest_when_userServiceThrowUserAlreadyExistException" time="0.003"/>
  <testcase classname="com.kata.user.web.UserControllerTest" name="should_returnBadRequest_when_userServiceThrowUserException" time="0.001"/>
  <testcase classname="com.kata.user.web.UserControllerTest" name="should_returnCreated_when_userServiceWork" time="0"/>
  <testcase classname="com.kata.user.web.UserControllerTest" name="should_returnOk_when_userIsFoundByService" time="0.001"/>
</testsuite>